android/app/build/intermediates/manifest_merge_blame_file/release/manifest-merger-blame-release-report.txt
1<?xml version="1.0" encoding="utf-8"?>
2<manifest xmlns:android="http://schemas.android.com/apk/res/android"
3    package="com.pmt_dashboard"
4    android:versionCode="1"
5    android:versionName="0.0.1" >
6
7    <uses-sdk
8        android:minSdkVersion="21"
8-->src\main\AndroidManifest.xml
9        android:targetSdkVersion="30" />
9-->src\main\AndroidManifest.xml
10
11    <uses-permission android:name="android.permission.INTERNET" />
11-->src\main\AndroidManifest.xml:4:5-67
11-->src\main\AndroidManifest.xml:4:22-64
12    <uses-permission android:name="android.permission.WAKE_LOCK" />
12-->[:react-native-firebase_messaging] AndroidManifest.xml:12:5-68
12-->[:react-native-firebase_messaging] AndroidManifest.xml:12:22-65
13    <uses-permission android:name="android.permission.ACCESS_NETWORK_STATE" /> <!-- Required by older versions of Google Play services to create IID tokens -->
13-->[:react-native-firebase_messaging] AndroidManifest.xml:13:5-79
13-->[:react-native-firebase_messaging] AndroidManifest.xml:13:22-76
14    <uses-permission android:name="com.google.android.c2dm.permission.RECEIVE" />
14-->[com.google.firebase:firebase-messaging:23.0.0] AndroidManifest.xml:25:5-82
14-->[com.google.firebase:firebase-messaging:23.0.0] AndroidManifest.xml:25:22-79
15
16    <application
16-->src\main\AndroidManifest.xml:6:5-23:19
17        android:name="com.pmt_dashboard.MainApplication"
17-->src\main\AndroidManifest.xml:7:7-38
18        android:allowBackup="false"
18-->src\main\AndroidManifest.xml:10:7-34
19        android:appComponentFactory="androidx.core.app.CoreComponentFactory"
19-->[androidx.core:core:1.5.0] AndroidManifest.xml:24:18-86
20        android:icon="@mipmap/ic_launcher"
20-->src\main\AndroidManifest.xml:9:7-41
21        android:label="@string/app_name"
21-->src\main\AndroidManifest.xml:8:7-39
22        android:theme="@style/AppTheme" >
22-->src\main\AndroidManifest.xml:11:7-38
23        <activity
23-->src\main\AndroidManifest.xml:12:7-22:18
24            android:name="com.pmt_dashboard.MainActivity"
24-->src\main\AndroidManifest.xml:13:9-37
25            android:configChanges="keyboard|keyboardHidden|orientation|screenSize|uiMode"
25-->src\main\AndroidManifest.xml:15:9-86
26            android:label="@string/app_name"
26-->src\main\AndroidManifest.xml:14:9-41
27            android:launchMode="singleTask"
27-->src\main\AndroidManifest.xml:16:9-40
28            android:windowSoftInputMode="adjustResize" >
28-->src\main\AndroidManifest.xml:17:9-51
29            <intent-filter>
29-->src\main\AndroidManifest.xml:18:9-21:25
30                <action android:name="android.intent.action.MAIN" />
30-->src\main\AndroidManifest.xml:19:13-65
30-->src\main\AndroidManifest.xml:19:21-62
31
32                <category android:name="android.intent.category.LAUNCHER" />
32-->src\main\AndroidManifest.xml:20:13-73
32-->src\main\AndroidManifest.xml:20:23-70
33            </intent-filter>
34        </activity>
35
36        <service android:name="io.invertase.firebase.messaging.ReactNativeFirebaseMessagingHeadlessService" />
36-->[:react-native-firebase_messaging] AndroidManifest.xml:16:9-111
36-->[:react-native-firebase_messaging] AndroidManifest.xml:16:18-108
37        <service
37-->[:react-native-firebase_messaging] AndroidManifest.xml:17:9-23:19
38            android:name="io.invertase.firebase.messaging.ReactNativeFirebaseMessagingService"
38-->[:react-native-firebase_messaging] AndroidManifest.xml:18:13-95
39            android:exported="false" >
39-->[:react-native-firebase_messaging] AndroidManifest.xml:19:13-37
40            <intent-filter>
40-->[:react-native-firebase_messaging] AndroidManifest.xml:20:13-22:29
41                <action android:name="com.google.firebase.MESSAGING_EVENT" />
41-->[:react-native-firebase_messaging] AndroidManifest.xml:21:17-78
41-->[:react-native-firebase_messaging] AndroidManifest.xml:21:25-75
42            </intent-filter>
43        </service>
44
45        <receiver
45-->[:react-native-firebase_messaging] AndroidManifest.xml:25:9-32:20
46            android:name="io.invertase.firebase.messaging.ReactNativeFirebaseMessagingReceiver"
46-->[:react-native-firebase_messaging] AndroidManifest.xml:26:13-96
47            android:exported="true"
47-->[:react-native-firebase_messaging] AndroidManifest.xml:27:13-36
48            android:permission="com.google.android.c2dm.permission.SEND" >
48-->[:react-native-firebase_messaging] AndroidManifest.xml:28:13-73
49            <intent-filter>
49-->[:react-native-firebase_messaging] AndroidManifest.xml:29:13-31:29
50                <action android:name="com.google.android.c2dm.intent.RECEIVE" />
50-->[:react-native-firebase_messaging] AndroidManifest.xml:30:17-81
50-->[:react-native-firebase_messaging] AndroidManifest.xml:30:25-78
51            </intent-filter>
52        </receiver>
53
54        <meta-data
54-->[:react-native-firebase_messaging] AndroidManifest.xml:34:9-36:36
55            android:name="firebase_messaging_auto_init_enabled"
55-->[:react-native-firebase_messaging] AndroidManifest.xml:35:13-64
56            android:value="true" />
56-->[:react-native-firebase_messaging] AndroidManifest.xml:36:13-33
57        <meta-data
57-->[:react-native-firebase_messaging] AndroidManifest.xml:37:9-39:32
58            android:name="com.google.firebase.messaging.default_notification_channel_id"
58-->[:react-native-firebase_messaging] AndroidManifest.xml:38:13-89
59            android:value="" />
59-->[:react-native-firebase_messaging] AndroidManifest.xml:39:13-29
60        <meta-data
60-->[:react-native-firebase_messaging] AndroidManifest.xml:40:9-42:47
61            android:name="com.google.firebase.messaging.default_notification_color"
61-->[:react-native-firebase_messaging] AndroidManifest.xml:41:13-84
62            android:resource="@color/white" />
62-->[:react-native-firebase_messaging] AndroidManifest.xml:42:13-44
63        <meta-data
63-->[:react-native-firebase_app] AndroidManifest.xml:12:9-14:36
64            android:name="app_data_collection_default_enabled"
64-->[:react-native-firebase_app] AndroidManifest.xml:13:13-63
65            android:value="true" />
65-->[:react-native-firebase_app] AndroidManifest.xml:14:13-33
66
67        <service
67-->[:react-native-firebase_app] AndroidManifest.xml:16:9-20:19
68            android:name="com.google.firebase.components.ComponentDiscoveryService"
68-->[:react-native-firebase_app] AndroidManifest.xml:16:18-89
69            android:directBootAware="true"
69-->[com.google.firebase:firebase-common:20.0.0] AndroidManifest.xml:35:13-43
70            android:exported="false" >
70-->[com.google.firebase:firebase-messaging:23.0.0] AndroidManifest.xml:51:13-37
71            <meta-data
71-->[:react-native-firebase_app] AndroidManifest.xml:17:13-19:85
72                android:name="com.google.firebase.components:io.invertase.firebase.app.ReactNativeFirebaseAppRegistrar"
72-->[:react-native-firebase_app] AndroidManifest.xml:18:17-120
73                android:value="com.google.firebase.components.ComponentRegistrar" />
73-->[:react-native-firebase_app] AndroidManifest.xml:19:17-82
74            <meta-data
74-->[com.google.firebase:firebase-messaging:23.0.0] AndroidManifest.xml:52:13-54:85
75                android:name="com.google.firebase.components:com.google.firebase.messaging.FirebaseMessagingRegistrar"
75-->[com.google.firebase:firebase-messaging:23.0.0] AndroidManifest.xml:53:17-119
76                android:value="com.google.firebase.components.ComponentRegistrar" />
76-->[com.google.firebase:firebase-messaging:23.0.0] AndroidManifest.xml:54:17-82
77            <meta-data
77-->[com.google.firebase:firebase-datatransport:18.0.0] AndroidManifest.xml:28:13-30:85
78                android:name="com.google.firebase.components:com.google.firebase.datatransport.TransportRegistrar"
78-->[com.google.firebase:firebase-datatransport:18.0.0] AndroidManifest.xml:29:17-115
79                android:value="com.google.firebase.components.ComponentRegistrar" />
79-->[com.google.firebase:firebase-datatransport:18.0.0] AndroidManifest.xml:30:17-82
80            <meta-data
80-->[com.google.firebase:firebase-installations:17.0.0] AndroidManifest.xml:18:13-20:85
81                android:name="com.google.firebase.components:com.google.firebase.installations.FirebaseInstallationsRegistrar"
81-->[com.google.firebase:firebase-installations:17.0.0] AndroidManifest.xml:19:17-127
82                android:value="com.google.firebase.components.ComponentRegistrar" />
82-->[com.google.firebase:firebase-installations:17.0.0] AndroidManifest.xml:20:17-82
83        </service>
84
85        <provider
85-->[:react-native-firebase_app] AndroidManifest.xml:22:9-26:38
86            android:name="io.invertase.firebase.app.ReactNativeFirebaseAppInitProvider"
86-->[:react-native-firebase_app] AndroidManifest.xml:23:13-88
87            android:authorities="com.pmt_dashboard.reactnativefirebaseappinitprovider"
87-->[:react-native-firebase_app] AndroidManifest.xml:24:13-86
88            android:exported="false"
88-->[:react-native-firebase_app] AndroidManifest.xml:25:13-37
89            android:initOrder="99" />
89-->[:react-native-firebase_app] AndroidManifest.xml:26:13-35
90
91        <receiver
91-->[com.google.firebase:firebase-messaging:23.0.0] AndroidManifest.xml:28:9-35:20
92            android:name="com.google.firebase.iid.FirebaseInstanceIdReceiver"
92-->[com.google.firebase:firebase-messaging:23.0.0] AndroidManifest.xml:29:13-78
93            android:exported="true"
93-->[com.google.firebase:firebase-messaging:23.0.0] AndroidManifest.xml:30:13-36
94            android:permission="com.google.android.c2dm.permission.SEND" >
94-->[com.google.firebase:firebase-messaging:23.0.0] AndroidManifest.xml:31:13-73
95            <intent-filter>
95-->[:react-native-firebase_messaging] AndroidManifest.xml:29:13-31:29
96                <action android:name="com.google.android.c2dm.intent.RECEIVE" />
96-->[:react-native-firebase_messaging] AndroidManifest.xml:30:17-81
96-->[:react-native-firebase_messaging] AndroidManifest.xml:30:25-78
97            </intent-filter>
98        </receiver>
99        <!--
100             FirebaseMessagingService performs security checks at runtime,
101             but set to not exported to explicitly avoid allowing another app to call it.
102        -->
103        <service
103-->[com.google.firebase:firebase-messaging:23.0.0] AndroidManifest.xml:41:9-48:19
104            android:name="com.google.firebase.messaging.FirebaseMessagingService"
104-->[com.google.firebase:firebase-messaging:23.0.0] AndroidManifest.xml:42:13-82
105            android:directBootAware="true"
105-->[com.google.firebase:firebase-messaging:23.0.0] AndroidManifest.xml:43:13-43
106            android:exported="false" >
106-->[com.google.firebase:firebase-messaging:23.0.0] AndroidManifest.xml:44:13-37
107            <intent-filter android:priority="-500" >
107-->[:react-native-firebase_messaging] AndroidManifest.xml:20:13-22:29
108                <action android:name="com.google.firebase.MESSAGING_EVENT" />
108-->[:react-native-firebase_messaging] AndroidManifest.xml:21:17-78
108-->[:react-native-firebase_messaging] AndroidManifest.xml:21:25-75
109            </intent-filter>
110        </service>
111        <service
111-->[com.google.android.datatransport:transport-backend-cct:3.0.0] AndroidManifest.xml:29:9-35:19
112            android:name="com.google.android.datatransport.runtime.backends.TransportBackendDiscovery"
112-->[com.google.android.datatransport:transport-backend-cct:3.0.0] AndroidManifest.xml:30:13-103
113            android:exported="false" >
113-->[com.google.android.datatransport:transport-backend-cct:3.0.0] AndroidManifest.xml:31:13-37
114            <meta-data
114-->[com.google.android.datatransport:transport-backend-cct:3.0.0] AndroidManifest.xml:32:13-34:39
115                android:name="backend:com.google.android.datatransport.cct.CctBackendFactory"
115-->[com.google.android.datatransport:transport-backend-cct:3.0.0] AndroidManifest.xml:33:17-94
116                android:value="cct" />
116-->[com.google.android.datatransport:transport-backend-cct:3.0.0] AndroidManifest.xml:34:17-36
117        </service>
118        <service
118-->[com.google.android.datatransport:transport-runtime:3.0.0] AndroidManifest.xml:26:9-30:19
119            android:name="com.google.android.datatransport.runtime.scheduling.jobscheduling.JobInfoSchedulerService"
119-->[com.google.android.datatransport:transport-runtime:3.0.0] AndroidManifest.xml:27:13-117
120            android:exported="false"
120-->[com.google.android.datatransport:transport-runtime:3.0.0] AndroidManifest.xml:28:13-37
121            android:permission="android.permission.BIND_JOB_SERVICE" >
121-->[com.google.android.datatransport:transport-runtime:3.0.0] AndroidManifest.xml:29:13-69
122        </service>
123
124        <receiver
124-->[com.google.android.datatransport:transport-runtime:3.0.0] AndroidManifest.xml:32:9-34:40
125            android:name="com.google.android.datatransport.runtime.scheduling.jobscheduling.AlarmManagerSchedulerBroadcastReceiver"
125-->[com.google.android.datatransport:transport-runtime:3.0.0] AndroidManifest.xml:33:13-132
126            android:exported="false" />
126-->[com.google.android.datatransport:transport-runtime:3.0.0] AndroidManifest.xml:34:13-37
127
128        <activity
128-->[com.google.android.gms:play-services-auth:20.1.0] AndroidManifest.xml:23:9-27:75
129            android:name="com.google.android.gms.auth.api.signin.internal.SignInHubActivity"
129-->[com.google.android.gms:play-services-auth:20.1.0] AndroidManifest.xml:24:13-93
130            android:excludeFromRecents="true"
130-->[com.google.android.gms:play-services-auth:20.1.0] AndroidManifest.xml:25:13-46
131            android:exported="false"
131-->[com.google.android.gms:play-services-auth:20.1.0] AndroidManifest.xml:26:13-37
132            android:theme="@android:style/Theme.Translucent.NoTitleBar" />
132-->[com.google.android.gms:play-services-auth:20.1.0] AndroidManifest.xml:27:13-72
133        <!--
134            Service handling Google Sign-In user revocation. For apps that do not integrate with
135            Google Sign-In, this service will never be started.
136        -->
137        <service
137-->[com.google.android.gms:play-services-auth:20.1.0] AndroidManifest.xml:33:9-37:51
138            android:name="com.google.android.gms.auth.api.signin.RevocationBoundService"
138-->[com.google.android.gms:play-services-auth:20.1.0] AndroidManifest.xml:34:13-89
139            android:exported="true"
139-->[com.google.android.gms:play-services-auth:20.1.0] AndroidManifest.xml:35:13-36
140            android:permission="com.google.android.gms.auth.api.signin.permission.REVOCATION_NOTIFICATION"
140-->[com.google.android.gms:play-services-auth:20.1.0] AndroidManifest.xml:36:13-107
141            android:visibleToInstantApps="true" />
141-->[com.google.android.gms:play-services-auth:20.1.0] AndroidManifest.xml:37:13-48
142
143        <activity
143-->[com.google.android.gms:play-services-base:18.0.1] AndroidManifest.xml:20:9-22:45
144            android:name="com.google.android.gms.common.api.GoogleApiActivity"
144-->[com.google.android.gms:play-services-base:18.0.1] AndroidManifest.xml:20:19-85
145            android:exported="false"
145-->[com.google.android.gms:play-services-base:18.0.1] AndroidManifest.xml:22:19-43
146            android:theme="@android:style/Theme.Translucent.NoTitleBar" />
146-->[com.google.android.gms:play-services-base:18.0.1] AndroidManifest.xml:21:19-78
147
148        <provider
148-->[com.google.firebase:firebase-common:20.0.0] AndroidManifest.xml:26:9-31:39
149            android:name="com.google.firebase.provider.FirebaseInitProvider"
149-->[com.google.firebase:firebase-common:20.0.0] AndroidManifest.xml:27:13-77
150            android:authorities="com.pmt_dashboard.firebaseinitprovider"
150-->[com.google.firebase:firebase-common:20.0.0] AndroidManifest.xml:28:13-72
151            android:directBootAware="true"
151-->[com.google.firebase:firebase-common:20.0.0] AndroidManifest.xml:29:13-43
152            android:exported="false"
152-->[com.google.firebase:firebase-common:20.0.0] AndroidManifest.xml:30:13-37
153            android:initOrder="100" />
153-->[com.google.firebase:firebase-common:20.0.0] AndroidManifest.xml:31:13-36
154
155        <meta-data
155-->[com.google.android.gms:play-services-basement:18.0.0] AndroidManifest.xml:21:9-23:69
156            android:name="com.google.android.gms.version"
156-->[com.google.android.gms:play-services-basement:18.0.0] AndroidManifest.xml:22:13-58
157            android:value="@integer/google_play_services_version" />
157-->[com.google.android.gms:play-services-basement:18.0.0] AndroidManifest.xml:23:13-66
158    </application>
159
160</manifest>